[2022-05-21 19:08:00] local.ERROR: SQLSTATE[28000] [1045] Access denied for user 'root'@'localhost' (using password: NO) (SQL: select * from `sessions` where `id` = P3AOILsqzdn7fBXgqV6wYk9gGMIc0AMnitt36an1 limit 1) {"exception":"[object] (Illuminate\\Database\\QueryException(code: 1045): SQLSTATE[28000] [1045] Access denied for user 'root'@'localhost' (using password: NO) (SQL: select * from `sessions` where `id` = P3AOILsqzdn7fBXgqV6wYk9gGMIc0AMnitt36an1 limit 1) at /home/sodhukno/public_html/quicksecureindia.com/vendor/laravel/framework/src/Illuminate/Database/Connection.php:716)
[stacktrace]
#0 /home/sodhukno/public_html/quicksecureindia.com/vendor/laravel/framework/src/Illuminate/Database/Connection.php(676): Illuminate\\Database\\Connection->runQueryCallback()
#1 /home/sodhukno/public_html/quicksecureindia.com/vendor/laravel/framework/src/Illuminate/Database/Connection.php(376): Illuminate\\Database\\Connection->run()
#2 /home/sodhukno/public_html/quicksecureindia.com/vendor/laravel/framework/src/Illuminate/Database/Query/Builder.php(2556): Illuminate\\Database\\Connection->select()
#3 /home/sodhukno/public_html/quicksecureindia.com/vendor/laravel/framework/src/Illuminate/Database/Query/Builder.php(2544): Illuminate\\Database\\Query\\Builder->runSelect()
#4 /home/sodhukno/public_html/quicksecureindia.com/vendor/laravel/framework/src/Illuminate/Database/Query/Builder.php(3078): Illuminate\\Database\\Query\\Builder->Illuminate\\Database\\Query\\{closure}()
#5 /home/sodhukno/public_html/quicksecureindia.com/vendor/laravel/framework/src/Illuminate/Database/Query/Builder.php(2545): Illuminate\\Database\\Query\\Builder->onceWithColumns()
#6 /home/sodhukno/public_html/quicksecureindia.com/vendor/laravel/framework/src/Illuminate/Database/Concerns/BuildsQueries.php(296): Illuminate\\Database\\Query\\Builder->get()
#7 /home/sodhukno/public_html/quicksecureindia.com/vendor/laravel/framework/src/Illuminate/Database/Query/Builder.php(2503): Illuminate\\Database\\Query\\Builder->first()
#8 /home/sodhukno/public_html/quicksecureindia.com/vendor/laravel/framework/src/Illuminate/Session/DatabaseSessionHandler.php(97): Illuminate\\Database\\Query\\Builder->find()
#9 /home/sodhukno/public_html/quicksecureindia.com/vendor/laravel/framework/src/Illuminate/Session/Store.php(106): Illuminate\\Session\\DatabaseSessionHandler->read()
#10 /home/sodhukno/public_html/quicksecureindia.com/vendor/laravel/framework/src/Illuminate/Session/Store.php(96): Illuminate\\Session\\Store->readFromHandler()
#11 /home/sodhukno/public_html/quicksecureindia.com/vendor/laravel/framework/src/Illuminate/Session/Store.php(80): Illuminate\\Session\\Store->loadSession()
#12 /home/sodhukno/public_html/quicksecureindia.com/vendor/laravel/framework/src/Illuminate/Session/Middleware/StartSession.php(147): Illuminate\\Session\\Store->start()
#13 /home/sodhukno/public_html/quicksecureindia.com/vendor/laravel/framework/src/Illuminate/Support/helpers.php(302): Illuminate\\Session\\Middleware\\StartSession->Illuminate\\Session\\Middleware\\{closure}()
#14 /home/sodhukno/public_html/quicksecureindia.com/vendor/laravel/framework/src/Illuminate/Session/Middleware/StartSession.php(148): tap()
#15 /home/sodhukno/public_html/quicksecureindia.com/vendor/laravel/framework/src/Illuminate/Session/Middleware/StartSession.php(116): Illuminate\\Session\\Middleware\\StartSession->startSession()
#16 /home/sodhukno/public_html/quicksecureindia.com/vendor/laravel/framework/src/Illuminate/Session/Middleware/StartSession.php(64): Illuminate\\Session\\Middleware\\StartSession->handleStatefulRequest()
#17 /home/sodhukno/public_html/quicksecureindia.com/vendor/laravel/framework/src/Illuminate/Pipeline/Pipeline.php(180): Illuminate\\Session\\Middleware\\StartSession->handle()
#18 /home/sodhukno/public_html/quicksecureindia.com/vendor/laravel/framework/src/Illuminate/Cookie/Middleware/AddQueuedCookiesToResponse.php(37): Illuminate\\Pipeline\\Pipeline->Illuminate\\Pipeline\\{closure}()
#19 /home/sodhukno/public_html/quicksecureindia.com/vendor/laravel/framework/src/Illuminate/Pipeline/Pipeline.php(180): Illuminate\\Cookie\\Middleware\\AddQueuedCookiesToResponse->handle()
#20 /home/sodhukno/public_html/quicksecureindia.com/vendor/laravel/framework/src/Illuminate/Cookie/Middleware/EncryptCookies.php(67): Illuminate\\Pipeline\\Pipeline->Illuminate\\Pipeline\\{closure}()
#21 /home/sodhukno/public_html/quicksecureindia.com/vendor/laravel/framework/src/Illuminate/Pipeline/Pipeline.php(180): Illuminate\\Cookie\\Middleware\\EncryptCookies->handle()
#22 /home/sodhukno/public_html/quicksecureindia.com/vendor/laravel/framework/src/Illuminate/Pipeline/Pipeline.php(116): Illuminate\\Pipeline\\Pipeline->Illuminate\\Pipeline\\{closure}()
#23 /home/sodhukno/public_html/quicksecureindia.com/vendor/laravel/framework/src/Illuminate/Routing/Router.php(727): Illuminate\\Pipeline\\Pipeline->then()
#24 /home/sodhukno/public_html/quicksecureindia.com/vendor/laravel/framework/src/Illuminate/Routing/Router.php(702): Illuminate\\Routing\\Router->runRouteWithinStack()
#25 /home/sodhukno/public_html/quicksecureindia.com/vendor/laravel/framework/src/Illuminate/Routing/Router.php(666): Illuminate\\Routing\\Router->runRoute()
#26 /home/sodhukno/public_html/quicksecureindia.com/vendor/laravel/framework/src/Illuminate/Routing/Router.php(655): Illuminate\\Routing\\Router->dispatchToRoute()
#27 /home/sodhukno/public_html/quicksecureindia.com/vendor/laravel/framework/src/Illuminate/Foundation/Http/Kernel.php(167): Illuminate\\Routing\\Router->dispatch()
#28 /home/sodhukno/public_html/quicksecureindia.com/vendor/laravel/framework/src/Illuminate/Pipeline/Pipeline.php(141): Illuminate\\Foundation\\Http\\Kernel->Illuminate\\Foundation\\Http\\{closure}()
#29 /home/sodhukno/public_html/quicksecureindia.com/vendor/livewire/livewire/src/DisableBrowserCache.php(19): Illuminate\\Pipeline\\Pipeline->Illuminate\\Pipeline\\{closure}()
#30 /home/sodhukno/public_html/quicksecureindia.com/vendor/laravel/framework/src/Illuminate/Pipeline/Pipeline.php(180): Livewire\\DisableBrowserCache->handle()
#31 /home/sodhukno/public_html/quicksecureindia.com/vendor/laravel/framework/src/Illuminate/Foundation/Http/Middleware/TransformsRequest.php(21): Illuminate\\Pipeline\\Pipeline->Illuminate\\Pipeline\\{closure}()
#32 /home/sodhukno/public_html/quicksecureindia.com/vendor/laravel/framework/src/Illuminate/Foundation/Http/Middleware/ConvertEmptyStringsToNull.php(31): Illuminate\\Foundation\\Http\\Middleware\\TransformsRequest->handle()
#33 /home/sodhukno/public_html/quicksecureindia.com/vendor/laravel/framework/src/Illuminate/Pipeline/Pipeline.php(180): Illuminate\\Foundation\\Http\\Middleware\\ConvertEmptyStringsToNull->handle()
#34 /home/sodhukno/public_html/quicksecureindia.com/vendor/laravel/framework/src/Illuminate/Foundation/Http/Middleware/TransformsRequest.php(21): Illuminate\\Pipeline\\Pipeline->Illuminate\\Pipeline\\{closure}()
#35 /home/sodhukno/public_html/quicksecureindia.com/vendor/laravel/framework/src/Illuminate/Foundation/Http/Middleware/TrimStrings.php(40): Illuminate\\Foundation\\Http\\Middleware\\TransformsRequest->handle()
#36 /home/sodhukno/public_html/quicksecureindia.com/vendor/laravel/framework/src/Illuminate/Pipeline/Pipeline.php(180): Illuminate\\Foundation\\Http\\Middleware\\TrimStrings->handle()
#37 /home/sodhukno/public_html/quicksecureindia.com/vendor/laravel/framework/src/Illuminate/Foundation/Http/Middleware/ValidatePostSize.php(27): Illuminate\\Pipeline\\Pipeline->Illuminate\\Pipeline\\{closure}()
#38 /home/sodhukno/public_html/quicksecureindia.com/vendor/laravel/framework/src/Illuminate/Pipeline/Pipeline.php(180): Illuminate\\Foundation\\Http\\Middleware\\ValidatePostSize->handle()
#39 /home/sodhukno/public_html/quicksecureindia.com/vendor/laravel/framework/src/Illuminate/Foundation/Http/Middleware/PreventRequestsDuringMaintenance.php(86): Illuminate\\Pipeline\\Pipeline->Illuminate\\Pipeline\\{closure}()
#40 /home/sodhukno/public_html/quicksecureindia.com/vendor/laravel/framework/src/Illuminate/Pipeline/Pipeline.php(180): Illuminate\\Foundation\\Http\\Middleware\\PreventRequestsDuringMaintenance->handle()
#41 /home/sodhukno/public_html/quicksecureindia.com/vendor/laravel/framework/src/Illuminate/Http/Middleware/HandleCors.php(49): Illuminate\\Pipeline\\Pipeline->Illuminate\\Pipeline\\{closure}()
#42 /home/sodhukno/public_html/quicksecureindia.com/vendor/laravel/framework/src/Illuminate/Pipeline/Pipeline.php(180): Illuminate\\Http\\Middleware\\HandleCors->handle()
#43 /home/sodhukno/public_html/quicksecureindia.com/vendor/laravel/framework/src/Illuminate/Http/Middleware/TrustProxies.php(39): Illuminate\\Pipeline\\Pipeline->Illuminate\\Pipeline\\{closure}()
#44 /home/sodhukno/public_html/quicksecureindia.com/vendor/laravel/framework/src/Illuminate/Pipeline/Pipeline.php(180): Illuminate\\Http\\Middleware\\TrustProxies->handle()
#45 /home/sodhukno/public_html/quicksecureindia.com/vendor/laravel/framework/src/Illuminate/Pipeline/Pipeline.php(116): Illuminate\\Pipeline\\Pipeline->Illuminate\\Pipeline\\{closure}()
#46 /home/sodhukno/public_html/quicksecureindia.com/vendor/laravel/framework/src/Illuminate/Foundation/Http/Kernel.php(142): Illuminate\\Pipeline\\Pipeline->then()
#47 /home/sodhukno/public_html/quicksecureindia.com/vendor/laravel/framework/src/Illuminate/Foundation/Http/Kernel.php(111): Illuminate\\Foundation\\Http\\Kernel->sendRequestThroughRouter()
#48 /home/sodhukno/public_html/quicksecureindia.com/public/index.php(52): Illuminate\\Foundation\\Http\\Kernel->handle()
#49 {main}

[previous exception] [object] (PDOException(code: 1045): SQLSTATE[28000] [1045] Access denied for user 'root'@'localhost' (using password: NO) at /home/sodhukno/public_html/quicksecureindia.com/vendor/laravel/framework/src/Illuminate/Database/Connectors/Connector.php:70)
[stacktrace]
#0 /home/sodhukno/public_html/quicksecureindia.com/vendor/laravel/framework/src/Illuminate/Database/Connectors/Connector.php(70): PDO->__construct()
#1 /home/sodhukno/public_html/quicksecureindia.com/vendor/laravel/framework/src/Illuminate/Database/Connectors/Connector.php(46): Illuminate\\Database\\Connectors\\Connector->createPdoConnection()
#2 /home/sodhukno/public_html/quicksecureindia.com/vendor/laravel/framework/src/Illuminate/Database/Connectors/MySqlConnector.php(24): Illuminate\\Database\\Connectors\\Connector->createConnection()
#3 /home/sodhukno/public_html/quicksecureindia.com/vendor/laravel/framework/src/Illuminate/Database/Connectors/ConnectionFactory.php(184): Illuminate\\Database\\Connectors\\MySqlConnector->connect()
#4 [internal function]: Illuminate\\Database\\Connectors\\ConnectionFactory->Illuminate\\Database\\Connectors\\{closure}()
#5 /home/sodhukno/public_html/quicksecureindia.com/vendor/laravel/framework/src/Illuminate/Database/Connection.php(1058): call_user_func()
#6 /home/sodhukno/public_html/quicksecureindia.com/vendor/laravel/framework/src/Illuminate/Database/Connection.php(1094): Illuminate\\Database\\Connection->getPdo()
#7 /home/sodhukno/public_html/quicksecureindia.com/vendor/laravel/framework/src/Illuminate/Database/Connection.php(442): Illuminate\\Database\\Connection->getReadPdo()
#8 /home/sodhukno/public_html/quicksecureindia.com/vendor/laravel/framework/src/Illuminate/Database/Connection.php(368): Illuminate\\Database\\Connection->getPdoForSelect()
#9 /home/sodhukno/public_html/quicksecureindia.com/vendor/laravel/framework/src/Illuminate/Database/Connection.php(709): Illuminate\\Database\\Connection->Illuminate\\Database\\{closure}()
#10 /home/sodhukno/public_html/quicksecureindia.com/vendor/laravel/framework/src/Illuminate/Database/Connection.php(676): Illuminate\\Database\\Connection->runQueryCallback()
#11 /home/sodhukno/public_html/quicksecureindia.com/vendor/laravel/framework/src/Illuminate/Database/Connection.php(376): Illuminate\\Database\\Connection->run()
#12 /home/sodhukno/public_html/quicksecureindia.com/vendor/laravel/framework/src/Illuminate/Database/Query/Builder.php(2556): Illuminate\\Database\\Connection->select()
#13 /home/sodhukno/public_html/quicksecureindia.com/vendor/laravel/framework/src/Illuminate/Database/Query/Builder.php(2544): Illuminate\\Database\\Query\\Builder->runSelect()
#14 /home/sodhukno/public_html/quicksecureindia.com/vendor/laravel/framework/src/Illuminate/Database/Query/Builder.php(3078): Illuminate\\Database\\Query\\Builder->Illuminate\\Database\\Query\\{closure}()
#15 /home/sodhukno/public_html/quicksecureindia.com/vendor/laravel/framework/src/Illuminate/Database/Query/Builder.php(2545): Illuminate\\Database\\Query\\Builder->onceWithColumns()
#16 /home/sodhukno/public_html/quicksecureindia.com/vendor/laravel/framework/src/Illuminate/Database/Concerns/BuildsQueries.php(296): Illuminate\\Database\\Query\\Builder->get()
#17 /home/sodhukno/public_html/quicksecureindia.com/vendor/laravel/framework/src/Illuminate/Database/Query/Builder.php(2503): Illuminate\\Database\\Query\\Builder->first()
#18 /home/sodhukno/public_html/quicksecureindia.com/vendor/laravel/framework/src/Illuminate/Session/DatabaseSessionHandler.php(97): Illuminate\\Database\\Query\\Builder->find()
#19 /home/sodhukno/public_html/quicksecureindia.com/vendor/laravel/framework/src/Illuminate/Session/Store.php(106): Illuminate\\Session\\DatabaseSessionHandler->read()
#20 /home/sodhukno/public_html/quicksecureindia.com/vendor/laravel/framework/src/Illuminate/Session/Store.php(96): Illuminate\\Session\\Store->readFromHandler()
#21 /home/sodhukno/public_html/quicksecureindia.com/vendor/laravel/framework/src/Illuminate/Session/Store.php(80): Illuminate\\Session\\Store->loadSession()
#22 /home/sodhukno/public_html/quicksecureindia.com/vendor/laravel/framework/src/Illuminate/Session/Middleware/StartSession.php(147): Illuminate\\Session\\Store->start()
#23 /home/sodhukno/public_html/quicksecureindia.com/vendor/laravel/framework/src/Illuminate/Support/helpers.php(302): Illuminate\\Session\\Middleware\\StartSession->Illuminate\\Session\\Middleware\\{closure}()
#24 /home/sodhukno/public_html/quicksecureindia.com/vendor/laravel/framework/src/Illuminate/Session/Middleware/StartSession.php(148): tap()
#25 /home/sodhukno/public_html/quicksecureindia.com/vendor/laravel/framework/src/Illuminate/Session/Middleware/StartSession.php(116): Illuminate\\Session\\Middleware\\StartSession->startSession()
#26 /home/sodhukno/public_html/quicksecureindia.com/vendor/laravel/framework/src/Illuminate/Session/Middleware/StartSession.php(64): Illuminate\\Session\\Middleware\\StartSession->handleStatefulRequest()
#27 /home/sodhukno/public_html/quicksecureindia.com/vendor/laravel/framework/src/Illuminate/Pipeline/Pipeline.php(180): Illuminate\\Session\\Middleware\\StartSession->handle()
#28 /home/sodhukno/public_html/quicksecureindia.com/vendor/laravel/framework/src/Illuminate/Cookie/Middleware/AddQueuedCookiesToResponse.php(37): Illuminate\\Pipeline\\Pipeline->Illuminate\\Pipeline\\{closure}()
#29 /home/sodhukno/public_html/quicksecureindia.com/vendor/laravel/framework/src/Illuminate/Pipeline/Pipeline.php(180): Illuminate\\Cookie\\Middleware\\AddQueuedCookiesToResponse->handle()
#30 /home/sodhukno/public_html/quicksecureindia.com/vendor/laravel/framework/src/Illuminate/Cookie/Middleware/EncryptCookies.php(67): Illuminate\\Pipeline\\Pipeline->Illuminate\\Pipeline\\{closure}()
#31 /home/sodhukno/public_html/quicksecureindia.com/vendor/laravel/framework/src/Illuminate/Pipeline/Pipeline.php(180): Illuminate\\Cookie\\Middleware\\EncryptCookies->handle()
#32 /home/sodhukno/public_html/quicksecureindia.com/vendor/laravel/framework/src/Illuminate/Pipeline/Pipeline.php(116): Illuminate\\Pipeline\\Pipeline->Illuminate\\Pipeline\\{closure}()
#33 /home/sodhukno/public_html/quicksecureindia.com/vendor/laravel/framework/src/Illuminate/Routing/Router.php(727): Illuminate\\Pipeline\\Pipeline->then()
#34 /home/sodhukno/public_html/quicksecureindia.com/vendor/laravel/framework/src/Illuminate/Routing/Router.php(702): Illuminate\\Routing\\Router->runRouteWithinStack()
#35 /home/sodhukno/public_html/quicksecureindia.com/vendor/laravel/framework/src/Illuminate/Routing/Router.php(666): Illuminate\\Routing\\Router->runRoute()
#36 /home/sodhukno/public_html/quicksecureindia.com/vendor/laravel/framework/src/Illuminate/Routing/Router.php(655): Illuminate\\Routing\\Router->dispatchToRoute()
#37 /home/sodhukno/public_html/quicksecureindia.com/vendor/laravel/framework/src/Illuminate/Foundation/Http/Kernel.php(167): Illuminate\\Routing\\Router->dispatch()
#38 /home/sodhukno/public_html/quicksecureindia.com/vendor/laravel/framework/src/Illuminate/Pipeline/Pipeline.php(141): Illuminate\\Foundation\\Http\\Kernel->Illuminate\\Foundation\\Http\\{closure}()
#39 /home/sodhukno/public_html/quicksecureindia.com/vendor/livewire/livewire/src/DisableBrowserCache.php(19): Illuminate\\Pipeline\\Pipeline->Illuminate\\Pipeline\\{closure}()
#40 /home/sodhukno/public_html/quicksecureindia.com/vendor/laravel/framework/src/Illuminate/Pipeline/Pipeline.php(180): Livewire\\DisableBrowserCache->handle()
#41 /home/sodhukno/public_html/quicksecureindia.com/vendor/laravel/framework/src/Illuminate/Foundation/Http/Middleware/TransformsRequest.php(21): Illuminate\\Pipeline\\Pipeline->Illuminate\\Pipeline\\{closure}()
#42 /home/sodhukno/public_html/quicksecureindia.com/vendor/laravel/framework/src/Illuminate/Foundation/Http/Middleware/ConvertEmptyStringsToNull.php(31): Illuminate\\Foundation\\Http\\Middleware\\TransformsRequest->handle()
#43 /home/sodhukno/public_html/quicksecureindia.com/vendor/laravel/framework/src/Illuminate/Pipeline/Pipeline.php(180): Illuminate\\Foundation\\Http\\Middleware\\ConvertEmptyStringsToNull->handle()
#44 /home/sodhukno/public_html/quicksecureindia.com/vendor/laravel/framework/src/Illuminate/Foundation/Http/Middleware/TransformsRequest.php(21): Illuminate\\Pipeline\\Pipeline->Illuminate\\Pipeline\\{closure}()
#45 /home/sodhukno/public_html/quicksecureindia.com/vendor/laravel/framework/src/Illuminate/Foundation/Http/Middleware/TrimStrings.php(40): Illuminate\\Foundation\\Http\\Middleware\\TransformsRequest->handle()
#46 /home/sodhukno/public_html/quicksecureindia.com/vendor/laravel/framework/src/Illuminate/Pipeline/Pipeline.php(180): Illuminate\\Foundation\\Http\\Middleware\\TrimStrings->handle()
#47 /home/sodhukno/public_html/quicksecureindia.com/vendor/laravel/framework/src/Illuminate/Foundation/Http/Middleware/ValidatePostSize.php(27): Illuminate\\Pipeline\\Pipeline->Illuminate\\Pipeline\\{closure}()
#48 /home/sodhukno/public_html/quicksecureindia.com/vendor/laravel/framework/src/Illuminate/Pipeline/Pipeline.php(180): Illuminate\\Foundation\\Http\\Middleware\\ValidatePostSize->handle()
#49 /home/sodhukno/public_html/quicksecureindia.com/vendor/laravel/framework/src/Illuminate/Foundation/Http/Middleware/PreventRequestsDuringMaintenance.php(86): Illuminate\\Pipeline\\Pipeline->Illuminate\\Pipeline\\{closure}()
#50 /home/sodhukno/public_html/quicksecureindia.com/vendor/laravel/framework/src/Illuminate/Pipeline/Pipeline.php(180): Illuminate\\Foundation\\Http\\Middleware\\PreventRequestsDuringMaintenance->handle()
#51 /home/sodhukno/public_html/quicksecureindia.com/vendor/laravel/framework/src/Illuminate/Http/Middleware/HandleCors.php(49): Illuminate\\Pipeline\\Pipeline->Illuminate\\Pipeline\\{closure}()
#52 /home/sodhukno/public_html/quicksecureindia.com/vendor/laravel/framework/src/Illuminate/Pipeline/Pipeline.php(180): Illuminate\\Http\\Middleware\\HandleCors->handle()
#53 /home/sodhukno/public_html/quicksecureindia.com/vendor/laravel/framework/src/Illuminate/Http/Middleware/TrustProxies.php(39): Illuminate\\Pipeline\\Pipeline->Illuminate\\Pipeline\\{closure}()
#54 /home/sodhukno/public_html/quicksecureindia.com/vendor/laravel/framework/src/Illuminate/Pipeline/Pipeline.php(180): Illuminate\\Http\\Middleware\\TrustProxies->handle()
#55 /home/sodhukno/public_html/quicksecureindia.com/vendor/laravel/framework/src/Illuminate/Pipeline/Pipeline.php(116): Illuminate\\Pipeline\\Pipeline->Illuminate\\Pipeline\\{closure}()
#56 /home/sodhukno/public_html/quicksecureindia.com/vendor/laravel/framework/src/Illuminate/Foundation/Http/Kernel.php(142): Illuminate\\Pipeline\\Pipeline->then()
#57 /home/sodhukno/public_html/quicksecureindia.com/vendor/laravel/framework/src/Illuminate/Foundation/Http/Kernel.php(111): Illuminate\\Foundation\\Http\\Kernel->sendRequestThroughRouter()
#58 /home/sodhukno/public_html/quicksecureindia.com/public/index.php(52): Illuminate\\Foundation\\Http\\Kernel->handle()
#59 {main}
"} 
[2022-05-21 19:08:01] local.ERROR: SQLSTATE[28000] [1045] Access denied for user 'root'@'localhost' (using password: NO) (SQL: select * from `sessions` where `id` = 51rGwNfUlYlJ59yfH5bWuFSixR2qq4328S5wzI7J limit 1) {"exception":"[object] (Illuminate\\Database\\QueryException(code: 1045): SQLSTATE[28000] [1045] Access denied for user 'root'@'localhost' (using password: NO) (SQL: select * from `sessions` where `id` = 51rGwNfUlYlJ59yfH5bWuFSixR2qq4328S5wzI7J limit 1) at /home/sodhukno/public_html/quicksecureindia.com/vendor/laravel/framework/src/Illuminate/Database/Connection.php:716)
[stacktrace]
#0 /home/sodhukno/public_html/quicksecureindia.com/vendor/laravel/framework/src/Illuminate/Database/Connection.php(676): Illuminate\\Database\\Connection->runQueryCallback()
#1 /home/sodhukno/public_html/quicksecureindia.com/vendor/laravel/framework/src/Illuminate/Database/Connection.php(376): Illuminate\\Database\\Connection->run()
#2 /home/sodhukno/public_html/quicksecureindia.com/vendor/laravel/framework/src/Illuminate/Database/Query/Builder.php(2556): Illuminate\\Database\\Connection->select()
#3 /home/sodhukno/public_html/quicksecureindia.com/vendor/laravel/framework/src/Illuminate/Database/Query/Builder.php(2544): Illuminate\\Database\\Query\\Builder->runSelect()
#4 /home/sodhukno/public_html/quicksecureindia.com/vendor/laravel/framework/src/Illuminate/Database/Query/Builder.php(3078): Illuminate\\Database\\Query\\Builder->Illuminate\\Database\\Query\\{closure}()
#5 /home/sodhukno/public_html/quicksecureindia.com/vendor/laravel/framework/src/Illuminate/Database/Query/Builder.php(2545): Illuminate\\Database\\Query\\Builder->onceWithColumns()
#6 /home/sodhukno/public_html/quicksecureindia.com/vendor/laravel/framework/src/Illuminate/Database/Concerns/BuildsQueries.php(296): Illuminate\\Database\\Query\\Builder->get()
#7 /home/sodhukno/public_html/quicksecureindia.com/vendor/laravel/framework/src/Illuminate/Database/Query/Builder.php(2503): Illuminate\\Database\\Query\\Builder->first()
#8 /home/sodhukno/public_html/quicksecureindia.com/vendor/laravel/framework/src/Illuminate/Session/DatabaseSessionHandler.php(97): Illuminate\\Database\\Query\\Builder->find()
#9 /home/sodhukno/public_html/quicksecureindia.com/vendor/laravel/framework/src/Illuminate/Session/Store.php(106): Illuminate\\Session\\DatabaseSessionHandler->read()
#10 /home/sodhukno/public_html/quicksecureindia.com/vendor/laravel/framework/src/Illuminate/Session/Store.php(96): Illuminate\\Session\\Store->readFromHandler()
#11 /home/sodhukno/public_html/quicksecureindia.com/vendor/laravel/framework/src/Illuminate/Session/Store.php(80): Illuminate\\Session\\Store->loadSession()
#12 /home/sodhukno/public_html/quicksecureindia.com/vendor/laravel/framework/src/Illuminate/Session/Middleware/StartSession.php(147): Illuminate\\Session\\Store->start()
#13 /home/sodhukno/public_html/quicksecureindia.com/vendor/laravel/framework/src/Illuminate/Support/helpers.php(302): Illuminate\\Session\\Middleware\\StartSession->Illuminate\\Session\\Middleware\\{closure}()
#14 /home/sodhukno/public_html/quicksecureindia.com/vendor/laravel/framework/src/Illuminate/Session/Middleware/StartSession.php(148): tap()
#15 /home/sodhukno/public_html/quicksecureindia.com/vendor/laravel/framework/src/Illuminate/Session/Middleware/StartSession.php(116): Illuminate\\Session\\Middleware\\StartSession->startSession()
#16 /home/sodhukno/public_html/quicksecureindia.com/vendor/laravel/framework/src/Illuminate/Session/Middleware/StartSession.php(64): Illuminate\\Session\\Middleware\\StartSession->handleStatefulRequest()
#17 /home/sodhukno/public_html/quicksecureindia.com/vendor/laravel/framework/src/Illuminate/Pipeline/Pipeline.php(180): Illuminate\\Session\\Middleware\\StartSession->handle()
#18 /home/sodhukno/public_html/quicksecureindia.com/vendor/laravel/framework/src/Illuminate/Cookie/Middleware/AddQueuedCookiesToResponse.php(37): Illuminate\\Pipeline\\Pipeline->Illuminate\\Pipeline\\{closure}()
#19 /home/sodhukno/public_html/quicksecureindia.com/vendor/laravel/framework/src/Illuminate/Pipeline/Pipeline.php(180): Illuminate\\Cookie\\Middleware\\AddQueuedCookiesToResponse->handle()
#20 /home/sodhukno/public_html/quicksecureindia.com/vendor/laravel/framework/src/Illuminate/Cookie/Middleware/EncryptCookies.php(67): Illuminate\\Pipeline\\Pipeline->Illuminate\\Pipeline\\{closure}()
#21 /home/sodhukno/public_html/quicksecureindia.com/vendor/laravel/framework/src/Illuminate/Pipeline/Pipeline.php(180): Illuminate\\Cookie\\Middleware\\EncryptCookies->handle()
#22 /home/sodhukno/public_html/quicksecureindia.com/vendor/laravel/framework/src/Illuminate/Pipeline/Pipeline.php(116): Illuminate\\Pipeline\\Pipeline->Illuminate\\Pipeline\\{closure}()
#23 /home/sodhukno/public_html/quicksecureindia.com/vendor/laravel/framework/src/Illuminate/Routing/Router.php(727): Illuminate\\Pipeline\\Pipeline->then()
#24 /home/sodhukno/public_html/quicksecureindia.com/vendor/laravel/framework/src/Illuminate/Routing/Router.php(702): Illuminate\\Routing\\Router->runRouteWithinStack()
#25 /home/sodhukno/public_html/quicksecureindia.com/vendor/laravel/framework/src/Illuminate/Routing/Router.php(666): Illuminate\\Routing\\Router->runRoute()
#26 /home/sodhukno/public_html/quicksecureindia.com/vendor/laravel/framework/src/Illuminate/Routing/Router.php(655): Illuminate\\Routing\\Router->dispatchToRoute()
#27 /home/sodhukno/public_html/quicksecureindia.com/vendor/laravel/framework/src/Illuminate/Foundation/Http/Kernel.php(167): Illuminate\\Routing\\Router->dispatch()
#28 /home/sodhukno/public_html/quicksecureindia.com/vendor/laravel/framework/src/Illuminate/Pipeline/Pipeline.php(141): Illuminate\\Foundation\\Http\\Kernel->Illuminate\\Foundation\\Http\\{closure}()
#29 /home/sodhukno/public_html/quicksecureindia.com/vendor/livewire/livewire/src/DisableBrowserCache.php(19): Illuminate\\Pipeline\\Pipeline->Illuminate\\Pipeline\\{closure}()
#30 /home/sodhukno/public_html/quicksecureindia.com/vendor/laravel/framework/src/Illuminate/Pipeline/Pipeline.php(180): Livewire\\DisableBrowserCache->handle()
#31 /home/sodhukno/public_html/quicksecureindia.com/vendor/laravel/framework/src/Illuminate/Foundation/Http/Middleware/TransformsRequest.php(21): Illuminate\\Pipeline\\Pipeline->Illuminate\\Pipeline\\{closure}()
#32 /home/sodhukno/public_html/quicksecureindia.com/vendor/laravel/framework/src/Illuminate/Foundation/Http/Middleware/ConvertEmptyStringsToNull.php(31): Illuminate\\Foundation\\Http\\Middleware\\TransformsRequest->handle()
#33 /home/sodhukno/public_html/quicksecureindia.com/vendor/laravel/framework/src/Illuminate/Pipeline/Pipeline.php(180): Illuminate\\Foundation\\Http\\Middleware\\ConvertEmptyStringsToNull->handle()
#34 /home/sodhukno/public_html/quicksecureindia.com/vendor/laravel/framework/src/Illuminate/Foundation/Http/Middleware/TransformsRequest.php(21): Illuminate\\Pipeline\\Pipeline->Illuminate\\Pipeline\\{closure}()
#35 /home/sodhukno/public_html/quicksecureindia.com/vendor/laravel/framework/src/Illuminate/Foundation/Http/Middleware/TrimStrings.php(40): Illuminate\\Foundation\\Http\\Middleware\\TransformsRequest->handle()
#36 /home/sodhukno/public_html/quicksecureindia.com/vendor/laravel/framework/src/Illuminate/Pipeline/Pipeline.php(180): Illuminate\\Foundation\\Http\\Middleware\\TrimStrings->handle()
#37 /home/sodhukno/public_html/quicksecureindia.com/vendor/laravel/framework/src/Illuminate/Foundation/Http/Middleware/ValidatePostSize.php(27): Illuminate\\Pipeline\\Pipeline->Illuminate\\Pipeline\\{closure}()
#38 /home/sodhukno/public_html/quicksecureindia.com/vendor/laravel/framework/src/Illuminate/Pipeline/Pipeline.php(180): Illuminate\\Foundation\\Http\\Middleware\\ValidatePostSize->handle()
#39 /home/sodhukno/public_html/quicksecureindia.com/vendor/laravel/framework/src/Illuminate/Foundation/Http/Middleware/PreventRequestsDuringMaintenance.php(86): Illuminate\\Pipeline\\Pipeline->Illuminate\\Pipeline\\{closure}()
#40 /home/sodhukno/public_html/quicksecureindia.com/vendor/laravel/framework/src/Illuminate/Pipeline/Pipeline.php(180): Illuminate\\Foundation\\Http\\Middleware\\PreventRequestsDuringMaintenance->handle()
#41 /home/sodhukno/public_html/quicksecureindia.com/vendor/laravel/framework/src/Illuminate/Http/Middleware/HandleCors.php(49): Illuminate\\Pipeline\\Pipeline->Illuminate\\Pipeline\\{closure}()
#42 /home/sodhukno/public_html/quicksecureindia.com/vendor/laravel/framework/src/Illuminate/Pipeline/Pipeline.php(180): Illuminate\\Http\\Middleware\\HandleCors->handle()
#43 /home/sodhukno/public_html/quicksecureindia.com/vendor/laravel/framework/src/Illuminate/Http/Middleware/TrustProxies.php(39): Illuminate\\Pipeline\\Pipeline->Illuminate\\Pipeline\\{closure}()
#44 /home/sodhukno/public_html/quicksecureindia.com/vendor/laravel/framework/src/Illuminate/Pipeline/Pipeline.php(180): Illuminate\\Http\\Middleware\\TrustProxies->handle()
#45 /home/sodhukno/public_html/quicksecureindia.com/vendor/laravel/framework/src/Illuminate/Pipeline/Pipeline.php(116): Illuminate\\Pipeline\\Pipeline->Illuminate\\Pipeline\\{closure}()
#46 /home/sodhukno/public_html/quicksecureindia.com/vendor/laravel/framework/src/Illuminate/Foundation/Http/Kernel.php(142): Illuminate\\Pipeline\\Pipeline->then()
#47 /home/sodhukno/public_html/quicksecureindia.com/vendor/laravel/framework/src/Illuminate/Foundation/Http/Kernel.php(111): Illuminate\\Foundation\\Http\\Kernel->sendRequestThroughRouter()
#48 /home/sodhukno/public_html/quicksecureindia.com/public/index.php(52): Illuminate\\Foundation\\Http\\Kernel->handle()
#49 {main}

[previous exception] [object] (PDOException(code: 1045): SQLSTATE[28000] [1045] Access denied for user 'root'@'localhost' (using password: NO) at /home/sodhukno/public_html/quicksecureindia.com/vendor/laravel/framework/src/Illuminate/Database/Connectors/Connector.php:70)
[stacktrace]
#0 /home/sodhukno/public_html/quicksecureindia.com/vendor/laravel/framework/src/Illuminate/Database/Connectors/Connector.php(70): PDO->__construct()
#1 /home/sodhukno/public_html/quicksecureindia.com/vendor/laravel/framework/src/Illuminate/Database/Connectors/Connector.php(46): Illuminate\\Database\\Connectors\\Connector->createPdoConnection()
#2 /home/sodhukno/public_html/quicksecureindia.com/vendor/laravel/framework/src/Illuminate/Database/Connectors/MySqlConnector.php(24): Illuminate\\Database\\Connectors\\Connector->createConnection()
#3 /home/sodhukno/public_html/quicksecureindia.com/vendor/laravel/framework/src/Illuminate/Database/Connectors/ConnectionFactory.php(184): Illuminate\\Database\\Connectors\\MySqlConnector->connect()
#4 [internal function]: Illuminate\\Database\\Connectors\\ConnectionFactory->Illuminate\\Database\\Connectors\\{closure}()
#5 /home/sodhukno/public_html/quicksecureindia.com/vendor/laravel/framework/src/Illuminate/Database/Connection.php(1058): call_user_func()
#6 /home/sodhukno/public_html/quicksecureindia.com/vendor/laravel/framework/src/Illuminate/Database/Connection.php(1094): Illuminate\\Database\\Connection->getPdo()
#7 /home/sodhukno/public_html/quicksecureindia.com/vendor/laravel/framework/src/Illuminate/Database/Connection.php(442): Illuminate\\Database\\Connection->getReadPdo()
#8 /home/sodhukno/public_html/quicksecureindia.com/vendor/laravel/framework/src/Illuminate/Database/Connection.php(368): Illuminate\\Database\\Connection->getPdoForSelect()
#9 /home/sodhukno/public_html/quicksecureindia.com/vendor/laravel/framework/src/Illuminate/Database/Connection.php(709): Illuminate\\Database\\Connection->Illuminate\\Database\\{closure}()
#10 /home/sodhukno/public_html/quicksecureindia.com/vendor/laravel/framework/src/Illuminate/Database/Connection.php(676): Illuminate\\Database\\Connection->runQueryCallback()
#11 /home/sodhukno/public_html/quicksecureindia.com/vendor/laravel/framework/src/Illuminate/Database/Connection.php(376): Illuminate\\Database\\Connection->run()
#12 /home/sodhukno/public_html/quicksecureindia.com/vendor/laravel/framework/src/Illuminate/Database/Query/Builder.php(2556): Illuminate\\Database\\Connection->select()
#13 /home/sodhukno/public_html/quicksecureindia.com/vendor/laravel/framework/src/Illuminate/Database/Query/Builder.php(2544): Illuminate\\Database\\Query\\Builder->runSelect()
#14 /home/sodhukno/public_html/quicksecureindia.com/vendor/laravel/framework/src/Illuminate/Database/Query/Builder.php(3078): Illuminate\\Database\\Query\\Builder->Illuminate\\Database\\Query\\{closure}()
#15 /home/sodhukno/public_html/quicksecureindia.com/vendor/laravel/framework/src/Illuminate/Database/Query/Builder.php(2545): Illuminate\\Database\\Query\\Builder->onceWithColumns()
#16 /home/sodhukno/public_html/quicksecureindia.com/vendor/laravel/framework/src/Illuminate/Database/Concerns/BuildsQueries.php(296): Illuminate\\Database\\Query\\Builder->get()
#17 /home/sodhukno/public_html/quicksecureindia.com/vendor/laravel/framework/src/Illuminate/Database/Query/Builder.php(2503): Illuminate\\Database\\Query\\Builder->first()
#18 /home/sodhukno/public_html/quicksecureindia.com/vendor/laravel/framework/src/Illuminate/Session/DatabaseSessionHandler.php(97): Illuminate\\Database\\Query\\Builder->find()
#19 /home/sodhukno/public_html/quicksecureindia.com/vendor/laravel/framework/src/Illuminate/Session/Store.php(106): Illuminate\\Session\\DatabaseSessionHandler->read()
#20 /home/sodhukno/public_html/quicksecureindia.com/vendor/laravel/framework/src/Illuminate/Session/Store.php(96): Illuminate\\Session\\Store->readFromHandler()
#21 /home/sodhukno/public_html/quicksecureindia.com/vendor/laravel/framework/src/Illuminate/Session/Store.php(80): Illuminate\\Session\\Store->loadSession()
#22 /home/sodhukno/public_html/quicksecureindia.com/vendor/laravel/framework/src/Illuminate/Session/Middleware/StartSession.php(147): Illuminate\\Session\\Store->start()
#23 /home/sodhukno/public_html/quicksecureindia.com/vendor/laravel/framework/src/Illuminate/Support/helpers.php(302): Illuminate\\Session\\Middleware\\StartSession->Illuminate\\Session\\Middleware\\{closure}()
#24 /home/sodhukno/public_html/quicksecureindia.com/vendor/laravel/framework/src/Illuminate/Session/Middleware/StartSession.php(148): tap()
#25 /home/sodhukno/public_html/quicksecureindia.com/vendor/laravel/framework/src/Illuminate/Session/Middleware/StartSession.php(116): Illuminate\\Session\\Middleware\\StartSession->startSession()
#26 /home/sodhukno/public_html/quicksecureindia.com/vendor/laravel/framework/src/Illuminate/Session/Middleware/StartSession.php(64): Illuminate\\Session\\Middleware\\StartSession->handleStatefulRequest()
#27 /home/sodhukno/public_html/quicksecureindia.com/vendor/laravel/framework/src/Illuminate/Pipeline/Pipeline.php(180): Illuminate\\Session\\Middleware\\StartSession->handle()
#28 /home/sodhukno/public_html/quicksecureindia.com/vendor/laravel/framework/src/Illuminate/Cookie/Middleware/AddQueuedCookiesToResponse.php(37): Illuminate\\Pipeline\\Pipeline->Illuminate\\Pipeline\\{closure}()
#29 /home/sodhukno/public_html/quicksecureindia.com/vendor/laravel/framework/src/Illuminate/Pipeline/Pipeline.php(180): Illuminate\\Cookie\\Middleware\\AddQueuedCookiesToResponse->handle()
#30 /home/sodhukno/public_html/quicksecureindia.com/vendor/laravel/framework/src/Illuminate/Cookie/Middleware/EncryptCookies.php(67): Illuminate\\Pipeline\\Pipeline->Illuminate\\Pipeline\\{closure}()
#31 /home/sodhukno/public_html/quicksecureindia.com/vendor/laravel/framework/src/Illuminate/Pipeline/Pipeline.php(180): Illuminate\\Cookie\\Middleware\\EncryptCookies->handle()
#32 /home/sodhukno/public_html/quicksecureindia.com/vendor/laravel/framework/src/Illuminate/Pipeline/Pipeline.php(116): Illuminate\\Pipeline\\Pipeline->Illuminate\\Pipeline\\{closure}()
#33 /home/sodhukno/public_html/quicksecureindia.com/vendor/laravel/framework/src/Illuminate/Routing/Router.php(727): Illuminate\\Pipeline\\Pipeline->then()
#34 /home/sodhukno/public_html/quicksecureindia.com/vendor/laravel/framework/src/Illuminate/Routing/Router.php(702): Illuminate\\Routing\\Router->runRouteWithinStack()
#35 /home/sodhukno/public_html/quicksecureindia.com/vendor/laravel/framework/src/Illuminate/Routing/Router.php(666): Illuminate\\Routing\\Router->runRoute()
#36 /home/sodhukno/public_html/quicksecureindia.com/vendor/laravel/framework/src/Illuminate/Routing/Router.php(655): Illuminate\\Routing\\Router->dispatchToRoute()
#37 /home/sodhukno/public_html/quicksecureindia.com/vendor/laravel/framework/src/Illuminate/Foundation/Http/Kernel.php(167): Illuminate\\Routing\\Router->dispatch()
#38 /home/sodhukno/public_html/quicksecureindia.com/vendor/laravel/framework/src/Illuminate/Pipeline/Pipeline.php(141): Illuminate\\Foundation\\Http\\Kernel->Illuminate\\Foundation\\Http\\{closure}()
#39 /home/sodhukno/public_html/quicksecureindia.com/vendor/livewire/livewire/src/DisableBrowserCache.php(19): Illuminate\\Pipeline\\Pipeline->Illuminate\\Pipeline\\{closure}()
#40 /home/sodhukno/public_html/quicksecureindia.com/vendor/laravel/framework/src/Illuminate/Pipeline/Pipeline.php(180): Livewire\\DisableBrowserCache->handle()
#41 /home/sodhukno/public_html/quicksecureindia.com/vendor/laravel/framework/src/Illuminate/Foundation/Http/Middleware/TransformsRequest.php(21): Illuminate\\Pipeline\\Pipeline->Illuminate\\Pipeline\\{closure}()
#42 /home/sodhukno/public_html/quicksecureindia.com/vendor/laravel/framework/src/Illuminate/Foundation/Http/Middleware/ConvertEmptyStringsToNull.php(31): Illuminate\\Foundation\\Http\\Middleware\\TransformsRequest->handle()
#43 /home/sodhukno/public_html/quicksecureindia.com/vendor/laravel/framework/src/Illuminate/Pipeline/Pipeline.php(180): Illuminate\\Foundation\\Http\\Middleware\\ConvertEmptyStringsToNull->handle()
#44 /home/sodhukno/public_html/quicksecureindia.com/vendor/laravel/framework/src/Illuminate/Foundation/Http/Middleware/TransformsRequest.php(21): Illuminate\\Pipeline\\Pipeline->Illuminate\\Pipeline\\{closure}()
#45 /home/sodhukno/public_html/quicksecureindia.com/vendor/laravel/framework/src/Illuminate/Foundation/Http/Middleware/TrimStrings.php(40): Illuminate\\Foundation\\Http\\Middleware\\TransformsRequest->handle()
#46 /home/sodhukno/public_html/quicksecureindia.com/vendor/laravel/framework/src/Illuminate/Pipeline/Pipeline.php(180): Illuminate\\Foundation\\Http\\Middleware\\TrimStrings->handle()
#47 /home/sodhukno/public_html/quicksecureindia.com/vendor/laravel/framework/src/Illuminate/Foundation/Http/Middleware/ValidatePostSize.php(27): Illuminate\\Pipeline\\Pipeline->Illuminate\\Pipeline\\{closure}()
#48 /home/sodhukno/public_html/quicksecureindia.com/vendor/laravel/framework/src/Illuminate/Pipeline/Pipeline.php(180): Illuminate\\Foundation\\Http\\Middleware\\ValidatePostSize->handle()
#49 /home/sodhukno/public_html/quicksecureindia.com/vendor/laravel/framework/src/Illuminate/Foundation/Http/Middleware/PreventRequestsDuringMaintenance.php(86): Illuminate\\Pipeline\\Pipeline->Illuminate\\Pipeline\\{closure}()
#50 /home/sodhukno/public_html/quicksecureindia.com/vendor/laravel/framework/src/Illuminate/Pipeline/Pipeline.php(180): Illuminate\\Foundation\\Http\\Middleware\\PreventRequestsDuringMaintenance->handle()
#51 /home/sodhukno/public_html/quicksecureindia.com/vendor/laravel/framework/src/Illuminate/Http/Middleware/HandleCors.php(49): Illuminate\\Pipeline\\Pipeline->Illuminate\\Pipeline\\{closure}()
#52 /home/sodhukno/public_html/quicksecureindia.com/vendor/laravel/framework/src/Illuminate/Pipeline/Pipeline.php(180): Illuminate\\Http\\Middleware\\HandleCors->handle()
#53 /home/sodhukno/public_html/quicksecureindia.com/vendor/laravel/framework/src/Illuminate/Http/Middleware/TrustProxies.php(39): Illuminate\\Pipeline\\Pipeline->Illuminate\\Pipeline\\{closure}()
#54 /home/sodhukno/public_html/quicksecureindia.com/vendor/laravel/framework/src/Illuminate/Pipeline/Pipeline.php(180): Illuminate\\Http\\Middleware\\TrustProxies->handle()
#55 /home/sodhukno/public_html/quicksecureindia.com/vendor/laravel/framework/src/Illuminate/Pipeline/Pipeline.php(116): Illuminate\\Pipeline\\Pipeline->Illuminate\\Pipeline\\{closure}()
#56 /home/sodhukno/public_html/quicksecureindia.com/vendor/laravel/framework/src/Illuminate/Foundation/Http/Kernel.php(142): Illuminate\\Pipeline\\Pipeline->then()
#57 /home/sodhukno/public_html/quicksecureindia.com/vendor/laravel/framework/src/Illuminate/Foundation/Http/Kernel.php(111): Illuminate\\Foundation\\Http\\Kernel->sendRequestThroughRouter()
#58 /home/sodhukno/public_html/quicksecureindia.com/public/index.php(52): Illuminate\\Foundation\\Http\\Kernel->handle()
#59 {main}
"} 
